warning: Git tree '/etc/nixos' is dirty
building the system configuration...
warning: Git tree '/etc/nixos' is dirty
these 15 derivations will be built:
  /nix/store/sfgw91ixy2q3gvwflr5gkdf13y0w34wb-system-path.drv
  /nix/store/vx8h1zcklp23i6dx7vq8lg6pll4c6b76-dbus-1.drv
  /nix/store/26zc16jfzkr668yydsdfh3mbp04h5yzj-X-Restart-Triggers-dbus.drv
  /nix/store/0j6rhyfjjlzhi10cmpyr7y1cyp1vc1h8-unit-dbus.service.drv
  /nix/store/8nqn93kxhxyskw0xxgqa3kl2n31hc03x-unit-dbus.service.drv
  /nix/store/lh26502lfz8bhprc58c13d03790p4d0p-X-Restart-Triggers-polkit.drv
  /nix/store/dmlkhn3kn4iam4li4b9a9wz5h1yp28xl-unit-polkit.service.drv
  /nix/store/y4y49vzfslz9r3qsdqdfwv1bsgmlmw9h-unit-accounts-daemon.service.drv
  /nix/store/4m6djm845fbh7rfbl4gp5mnam5gah1y9-system-units.drv
  /nix/store/8l8hpin6nzdavjq3b9jih32b8qas9znk-etc-pam-environment.drv
  /nix/store/dk80rjvsgil4ffjmizsisi9r2nbj9fja-set-environment.drv
  /nix/store/b4440rzjl949nsxwdskhhailqrc58lyz-etc-profile.drv
  /nix/store/zyj7k0i1zy1chcyyi45vf8qh8kyjpcip-user-units.drv
  /nix/store/1hij4dg8jyckgvppy0icwz0f73rz92q0-etc.drv
  /nix/store/16r6il73dbn0pva579zmyi1qal4vw54c-nixos-system-elitebook-24.11.20240612.57d6973.drv
this path will be fetched (0.01 MiB download, 0.02 MiB unpacked):
  /nix/store/ij4qlh492n04ya4ncwv59cr40ia7vdi3-nixos-generators-1.8.0
copying path '/nix/store/ij4qlh492n04ya4ncwv59cr40ia7vdi3-nixos-generators-1.8.0' from 'https://cache.nixos.org'...
building '/nix/store/sfgw91ixy2q3gvwflr5gkdf13y0w34wb-system-path.drv'...
building '/nix/store/lh26502lfz8bhprc58c13d03790p4d0p-X-Restart-Triggers-polkit.drv'...
building '/nix/store/vx8h1zcklp23i6dx7vq8lg6pll4c6b76-dbus-1.drv'...
building '/nix/store/8l8hpin6nzdavjq3b9jih32b8qas9znk-etc-pam-environment.drv'...
building '/nix/store/dk80rjvsgil4ffjmizsisi9r2nbj9fja-set-environment.drv'...
building '/nix/store/y4y49vzfslz9r3qsdqdfwv1bsgmlmw9h-unit-accounts-daemon.service.drv'...
building '/nix/store/26zc16jfzkr668yydsdfh3mbp04h5yzj-X-Restart-Triggers-dbus.drv'...
building '/nix/store/b4440rzjl949nsxwdskhhailqrc58lyz-etc-profile.drv'...
building '/nix/store/dmlkhn3kn4iam4li4b9a9wz5h1yp28xl-unit-polkit.service.drv'...
building '/nix/store/0j6rhyfjjlzhi10cmpyr7y1cyp1vc1h8-unit-dbus.service.drv'...
building '/nix/store/8nqn93kxhxyskw0xxgqa3kl2n31hc03x-unit-dbus.service.drv'...
building '/nix/store/zyj7k0i1zy1chcyyi45vf8qh8kyjpcip-user-units.drv'...
building '/nix/store/4m6djm845fbh7rfbl4gp5mnam5gah1y9-system-units.drv'...
building '/nix/store/1hij4dg8jyckgvppy0icwz0f73rz92q0-etc.drv'...
building '/nix/store/16r6il73dbn0pva579zmyi1qal4vw54c-nixos-system-elitebook-24.11.20240612.57d6973.drv'...
stopping the following units: accounts-daemon.service
activating the configuration...
setting up /etc...
reloading user units for zoe...
restarting sysinit-reactivation.target
reloading the following units: dbus.service
restarting the following units: polkit.service
starting the following units: accounts-daemon.service
